# JRE version: OpenJDK Runtime Environment (17.0.11) (build 17.0.11+0--11852314)
# Java VM: OpenJDK 64-Bit Server VM (17.0.11+0--11852314, mixed mode, tiered, compressed oops, compressed class ptrs, g1 gc, windows-amd64)
GC Precious Log:
 CPUs: 8 total, 8 available
 Memory: 7974M
 Large Page Support: Disabled
 NUMA Support: Disabled
 Compressed Oops: Enabled (32-bit)
 Heap Region Size: 1M
 Heap Min Capacity: 8M
 Heap Initial Capacity: 126M
 Heap Max Capacity: 2G
 Pre-touch: Disabled
 Parallel Workers: 8
 Concurrent Workers: 2
 Concurrent Refinement Workers: 8
 Periodic GC: Disabled
Heap:
 garbage-first heap   total 432128K, used 281895K [0x0000000080000000, 0x0000000100000000)
  region size 1024K, 49 young (50176K), 2 survivors (2048K)
 Metaspace       used 211122K, committed 212160K, reserved 1245184K
  class space    used 26930K, committed 27392K, reserved 1048576K
GC Heap History (20 events):
Event: 189.000 GC heap before
{Heap before GC invocations=217 (full 0):
 garbage-first heap   total 376832K, used 330546K [0x0000000080000000, 0x0000000100000000)
  region size 1024K, 75 young (76800K), 5 survivors (5120K)
 Metaspace       used 202991K, committed 203968K, reserved 1245184K
  class space    used 26101K, committed 26560K, reserved 1048576K
}
Event: 189.006 GC heap after
{Heap after GC invocations=218 (full 0):
 garbage-first heap   total 376832K, used 257808K [0x0000000080000000, 0x0000000100000000)
  region size 1024K, 6 young (6144K), 6 survivors (6144K)
 Metaspace       used 202991K, committed 203968K, reserved 1245184K
  class space    used 26101K, committed 26560K, reserved 1048576K
}
Event: 189.487 GC heap before
{Heap before GC invocations=218 (full 0):
 garbage-first heap   total 376832K, used 326416K [0x0000000080000000, 0x0000000100000000)
  region size 1024K, 73 young (74752K), 6 survivors (6144K)
 Metaspace       used 202993K, committed 203968K, reserved 1245184K
  class space    used 26101K, committed 26560K, reserved 1048576K
}
Event: 189.492 GC heap after
{Heap after GC invocations=219 (full 0):
 garbage-first heap   total 376832K, used 258224K [0x0000000080000000, 0x0000000100000000)
  region size 1024K, 5 young (5120K), 5 survivors (5120K)
 Metaspace       used 202993K, committed 203968K, reserved 1245184K
  class space    used 26101K, committed 26560K, reserved 1048576K
}
Event: 189.964 GC heap before
{Heap before GC invocations=219 (full 0):
 garbage-first heap   total 376832K, used 327856K [0x0000000080000000, 0x0000000100000000)
  region size 1024K, 73 young (74752K), 5 survivors (5120K)
 Metaspace       used 202995K, committed 203968K, reserved 1245184K
  class space    used 26101K, committed 26560K, reserved 1048576K
}
Event: 189.966 GC heap after
{Heap after GC invocations=220 (full 0):
 garbage-first heap   total 376832K, used 258499K [0x0000000080000000, 0x0000000100000000)
  region size 1024K, 5 young (5120K), 5 survivors (5120K)
 Metaspace       used 202995K, committed 203968K, reserved 1245184K
  class space    used 26101K, committed 26560K, reserved 1048576K
}
Event: 190.324 GC heap before
{Heap before GC invocations=220 (full 0):
 garbage-first heap   total 376832K, used 330179K [0x0000000080000000, 0x0000000100000000)
  region size 1024K, 75 young (76800K), 5 survivors (5120K)
 Metaspace       used 203013K, committed 203968K, reserved 1245184K
  class space    used 26102K, committed 26560K, reserved 1048576K
}
Event: 190.329 GC heap after
{Heap after GC invocations=221 (full 0):
 garbage-first heap   total 376832K, used 258588K [0x0000000080000000, 0x0000000100000000)
  region size 1024K, 5 young (5120K), 5 survivors (5120K)
 Metaspace       used 203013K, committed 203968K, reserved 1245184K
  class space    used 26102K, committed 26560K, reserved 1048576K
}
Event: 193.239 GC heap before
{Heap before GC invocations=221 (full 0):
 garbage-first heap   total 376832K, used 336412K [0x0000000080000000, 0x0000000100000000)
  region size 1024K, 76 young (77824K), 5 survivors (5120K)
 Metaspace       used 206676K, committed 207680K, reserved 1245184K
  class space    used 26423K, committed 26880K, reserved 1048576K
}
Event: 193.265 GC heap after
{Heap after GC invocations=222 (full 0):
 garbage-first heap   total 376832K, used 256057K [0x0000000080000000, 0x0000000100000000)
  region size 1024K, 4 young (4096K), 4 survivors (4096K)
 Metaspace       used 206676K, committed 207680K, reserved 1245184K
  class space    used 26423K, committed 26880K, reserved 1048576K
}
Event: 200.182 GC heap before
{Heap before GC invocations=222 (full 0):
 garbage-first heap   total 376832K, used 329785K [0x0000000080000000, 0x0000000100000000)
  region size 1024K, 77 young (78848K), 4 survivors (4096K)
 Metaspace       used 206776K, committed 207808K, reserved 1245184K
  class space    used 26432K, committed 26944K, reserved 1048576K
}
Event: 200.188 GC heap after
{Heap after GC invocations=223 (full 0):
 garbage-first heap   total 376832K, used 257349K [0x0000000080000000, 0x0000000100000000)
  region size 1024K, 6 young (6144K), 6 survivors (6144K)
 Metaspace       used 206776K, committed 207808K, reserved 1245184K
  class space    used 26432K, committed 26944K, reserved 1048576K
}
Event: 200.529 GC heap before
{Heap before GC invocations=223 (full 0):
 garbage-first heap   total 376832K, used 329029K [0x0000000080000000, 0x0000000100000000)
  region size 1024K, 77 young (78848K), 6 survivors (6144K)
 Metaspace       used 206859K, committed 207936K, reserved 1245184K
  class space    used 26435K, committed 26944K, reserved 1048576K
}
Event: 200.538 GC heap after
{Heap after GC invocations=224 (full 0):
 garbage-first heap   total 376832K, used 257656K [0x0000000080000000, 0x0000000100000000)
  region size 1024K, 6 young (6144K), 6 survivors (6144K)
 Metaspace       used 206859K, committed 207936K, reserved 1245184K
  class space    used 26435K, committed 26944K, reserved 1048576K
}
Event: 201.954 GC heap before
{Heap before GC invocations=224 (full 0):
 garbage-first heap   total 376832K, used 286328K [0x0000000080000000, 0x0000000100000000)
  region size 1024K, 36 young (36864K), 6 survivors (6144K)
 Metaspace       used 207733K, committed 208768K, reserved 1245184K
  class space    used 26535K, committed 27008K, reserved 1048576K
}
Event: 201.962 GC heap after
{Heap after GC invocations=225 (full 0):
 garbage-first heap   total 376832K, used 259525K [0x0000000080000000, 0x0000000100000000)
  region size 1024K, 7 young (7168K), 7 survivors (7168K)
 Metaspace       used 207733K, committed 208768K, reserved 1245184K
  class space    used 26535K, committed 27008K, reserved 1048576K
}
Event: 208.768 GC heap before
{Heap before GC invocations=226 (full 0):
 garbage-first heap   total 432128K, used 310725K [0x0000000080000000, 0x0000000100000000)
  region size 1024K, 71 young (72704K), 7 survivors (7168K)
 Metaspace       used 211098K, committed 212160K, reserved 1245184K
  class space    used 26928K, committed 27392K, reserved 1048576K
}
Event: 208.798 GC heap after
{Heap after GC invocations=227 (full 0):
 garbage-first heap   total 432128K, used 250138K [0x0000000080000000, 0x0000000100000000)
  region size 1024K, 9 young (9216K), 9 survivors (9216K)
 Metaspace       used 211098K, committed 212160K, reserved 1245184K
  class space    used 26928K, committed 27392K, reserved 1048576K
}
Event: 211.322 GC heap before
{Heap before GC invocations=227 (full 0):
 garbage-first heap   total 432128K, used 268570K [0x0000000080000000, 0x0000000100000000)
  region size 1024K, 21 young (21504K), 9 survivors (9216K)
 Metaspace       used 211116K, committed 212160K, reserved 1245184K
  class space    used 26930K, committed 27392K, reserved 1048576K
}
Event: 211.352 GC heap after
{Heap after GC invocations=228 (full 0):
 garbage-first heap   total 432128K, used 234791K [0x0000000080000000, 0x0000000100000000)
  region size 1024K, 2 young (2048K), 2 survivors (2048K)
 Metaspace       used 211116K, committed 212160K, reserved 1245184K
  class space    used 26930K, committed 27392K, reserved 1048576K
}

