# JRE version: OpenJDK Runtime Environment (17.0.11) (build 17.0.11+0--11852314)
# Java VM: OpenJDK 64-Bit Server VM (17.0.11+0--11852314, mixed mode, tiered, compressed oops, compressed class ptrs, g1 gc, windows-amd64)
GC Precious Log:
 CPUs: 8 total, 8 available
 Memory: 7974M
 Large Page Support: Disabled
 NUMA Support: Disabled
 Compressed Oops: Enabled (32-bit)
 Heap Region Size: 1M
 Heap Min Capacity: 8M
 Heap Initial Capacity: 126M
 Heap Max Capacity: 1994M
 Pre-touch: Disabled
 Parallel Workers: 8
 Concurrent Workers: 2
 Concurrent Refinement Workers: 8
 Periodic GC: Disabled
Heap:
 garbage-first heap   total 112640K, used 81570K [0x0000000083600000, 0x0000000100000000)
  region size 1024K, 34 young (34816K), 5 survivors (5120K)
 Metaspace       used 72468K, committed 72704K, reserved 1114112K
  class space    used 8339K, committed 8448K, reserved 1048576K
GC Heap History (20 events):
Event: 2.481 GC heap before
{Heap before GC invocations=9 (full 0):
 garbage-first heap   total 67584K, used 48843K [0x0000000083600000, 0x0000000100000000)
  region size 1024K, 33 young (33792K), 3 survivors (3072K)
 Metaspace       used 42592K, committed 42816K, reserved 1114112K
  class space    used 5217K, committed 5312K, reserved 1048576K
}
Event: 2.490 GC heap after
{Heap after GC invocations=10 (full 0):
 garbage-first heap   total 67584K, used 20564K [0x0000000083600000, 0x0000000100000000)
  region size 1024K, 5 young (5120K), 5 survivors (5120K)
 Metaspace       used 42592K, committed 42816K, reserved 1114112K
  class space    used 5217K, committed 5312K, reserved 1048576K
}
Event: 2.949 GC heap before
{Heap before GC invocations=10 (full 0):
 garbage-first heap   total 67584K, used 53332K [0x0000000083600000, 0x0000000100000000)
  region size 1024K, 34 young (34816K), 5 survivors (5120K)
 Metaspace       used 46684K, committed 46912K, reserved 1114112K
  class space    used 5708K, committed 5824K, reserved 1048576K
}
Event: 2.965 GC heap after
{Heap after GC invocations=11 (full 0):
 garbage-first heap   total 67584K, used 27268K [0x0000000083600000, 0x0000000100000000)
  region size 1024K, 5 young (5120K), 5 survivors (5120K)
 Metaspace       used 46684K, committed 46912K, reserved 1114112K
  class space    used 5708K, committed 5824K, reserved 1048576K
}
Event: 3.130 GC heap before
{Heap before GC invocations=11 (full 0):
 garbage-first heap   total 67584K, used 50820K [0x0000000083600000, 0x0000000100000000)
  region size 1024K, 28 young (28672K), 5 survivors (5120K)
 Metaspace       used 47703K, committed 47872K, reserved 1114112K
  class space    used 5823K, committed 5888K, reserved 1048576K
}
Event: 3.139 GC heap after
{Heap after GC invocations=12 (full 0):
 garbage-first heap   total 90112K, used 29488K [0x0000000083600000, 0x0000000100000000)
  region size 1024K, 2 young (2048K), 2 survivors (2048K)
 Metaspace       used 47703K, committed 47872K, reserved 1114112K
  class space    used 5823K, committed 5888K, reserved 1048576K
}
Event: 4.229 GC heap before
{Heap before GC invocations=12 (full 0):
 garbage-first heap   total 90112K, used 69424K [0x0000000083600000, 0x0000000100000000)
  region size 1024K, 41 young (41984K), 2 survivors (2048K)
 Metaspace       used 50314K, committed 50496K, reserved 1114112K
  class space    used 6006K, committed 6080K, reserved 1048576K
}
Event: 4.250 GC heap after
{Heap after GC invocations=13 (full 0):
 garbage-first heap   total 90112K, used 36740K [0x0000000083600000, 0x0000000100000000)
  region size 1024K, 6 young (6144K), 6 survivors (6144K)
 Metaspace       used 50314K, committed 50496K, reserved 1114112K
  class space    used 6006K, committed 6080K, reserved 1048576K
}
Event: 5.867 GC heap before
{Heap before GC invocations=13 (full 0):
 garbage-first heap   total 90112K, used 68484K [0x0000000083600000, 0x0000000100000000)
  region size 1024K, 37 young (37888K), 6 survivors (6144K)
 Metaspace       used 53306K, committed 53568K, reserved 1114112K
  class space    used 6344K, committed 6464K, reserved 1048576K
}
Event: 5.882 GC heap after
{Heap after GC invocations=14 (full 0):
 garbage-first heap   total 90112K, used 40232K [0x0000000083600000, 0x0000000100000000)
  region size 1024K, 3 young (3072K), 3 survivors (3072K)
 Metaspace       used 53306K, committed 53568K, reserved 1114112K
  class space    used 6344K, committed 6464K, reserved 1048576K
}
Event: 6.526 GC heap before
{Heap before GC invocations=14 (full 0):
 garbage-first heap   total 90112K, used 69928K [0x0000000083600000, 0x0000000100000000)
  region size 1024K, 32 young (32768K), 3 survivors (3072K)
 Metaspace       used 58287K, committed 58432K, reserved 1114112K
  class space    used 6910K, committed 6976K, reserved 1048576K
}
Event: 6.537 GC heap after
{Heap after GC invocations=15 (full 0):
 garbage-first heap   total 90112K, used 43650K [0x0000000083600000, 0x0000000100000000)
  region size 1024K, 4 young (4096K), 4 survivors (4096K)
 Metaspace       used 58287K, committed 58432K, reserved 1114112K
  class space    used 6910K, committed 6976K, reserved 1048576K
}
Event: 6.765 GC heap before
{Heap before GC invocations=15 (full 0):
 garbage-first heap   total 90112K, used 62082K [0x0000000083600000, 0x0000000100000000)
  region size 1024K, 23 young (23552K), 4 survivors (4096K)
 Metaspace       used 60509K, committed 60736K, reserved 1114112K
  class space    used 7125K, committed 7232K, reserved 1048576K
}
Event: 6.779 GC heap after
{Heap after GC invocations=16 (full 0):
 garbage-first heap   total 90112K, used 46674K [0x0000000083600000, 0x0000000100000000)
  region size 1024K, 3 young (3072K), 3 survivors (3072K)
 Metaspace       used 60509K, committed 60736K, reserved 1114112K
  class space    used 7125K, committed 7232K, reserved 1048576K
}
Event: 7.132 GC heap before
{Heap before GC invocations=17 (full 0):
 garbage-first heap   total 90112K, used 70226K [0x0000000083600000, 0x0000000100000000)
  region size 1024K, 26 young (26624K), 3 survivors (3072K)
 Metaspace       used 64995K, committed 65216K, reserved 1114112K
  class space    used 7593K, committed 7680K, reserved 1048576K
}
Event: 7.141 GC heap after
{Heap after GC invocations=18 (full 0):
 garbage-first heap   total 90112K, used 48773K [0x0000000083600000, 0x0000000100000000)
  region size 1024K, 2 young (2048K), 2 survivors (2048K)
 Metaspace       used 64995K, committed 65216K, reserved 1114112K
  class space    used 7593K, committed 7680K, reserved 1048576K
}
Event: 7.173 GC heap before
{Heap before GC invocations=18 (full 0):
 garbage-first heap   total 90112K, used 49797K [0x0000000083600000, 0x0000000100000000)
  region size 1024K, 4 young (4096K), 2 survivors (2048K)
 Metaspace       used 65395K, committed 65664K, reserved 1114112K
  class space    used 7633K, committed 7744K, reserved 1048576K
}
Event: 7.179 GC heap after
{Heap after GC invocations=19 (full 0):
 garbage-first heap   total 112640K, used 48323K [0x0000000083600000, 0x0000000100000000)
  region size 1024K, 1 young (1024K), 1 survivors (1024K)
 Metaspace       used 65395K, committed 65664K, reserved 1114112K
  class space    used 7633K, committed 7744K, reserved 1048576K
}
Event: 7.628 GC heap before
{Heap before GC invocations=19 (full 0):
 garbage-first heap   total 112640K, used 86211K [0x0000000083600000, 0x0000000100000000)
  region size 1024K, 38 young (38912K), 1 survivors (1024K)
 Metaspace       used 69653K, committed 69824K, reserved 1114112K
  class space    used 8067K, committed 8128K, reserved 1048576K
}
Event: 7.641 GC heap after
{Heap after GC invocations=20 (full 0):
 garbage-first heap   total 112640K, used 52898K [0x0000000083600000, 0x0000000100000000)
  region size 1024K, 5 young (5120K), 5 survivors (5120K)
 Metaspace       used 69653K, committed 69824K, reserved 1114112K
  class space    used 8067K, committed 8128K, reserved 1048576K
}

