# JRE version: OpenJDK Runtime Environment (17.0.11) (build 17.0.11+0--11852314)
# Java VM: OpenJDK 64-Bit Server VM (17.0.11+0--11852314, mixed mode, tiered, compressed oops, compressed class ptrs, g1 gc, windows-amd64)
GC Precious Log:
 CPUs: 8 total, 8 available
 Memory: 7974M
 Large Page Support: Disabled
 NUMA Support: Disabled
 Compressed Oops: Enabled (32-bit)
 Heap Region Size: 1M
 Heap Min Capacity: 8M
 Heap Initial Capacity: 126M
 Heap Max Capacity: 1994M
 Pre-touch: Disabled
 Parallel Workers: 8
 Concurrent Workers: 2
 Concurrent Refinement Workers: 8
 Periodic GC: Disabled
Heap:
 garbage-first heap   total 68608K, used 41149K [0x0000000083600000, 0x0000000100000000)
  region size 1024K, 24 young (24576K), 5 survivors (5120K)
 Metaspace       used 46110K, committed 46336K, reserved 1114112K
  class space    used 5653K, committed 5760K, reserved 1048576K
GC Heap History (16 events):
Event: 0.487 GC heap before
{Heap before GC invocations=0 (full 0):
 garbage-first heap   total 129024K, used 27648K [0x0000000083600000, 0x0000000100000000)
  region size 1024K, 23 young (23552K), 0 survivors (0K)
 Metaspace       used 13231K, committed 13248K, reserved 1114112K
  class space    used 1274K, committed 1280K, reserved 1048576K
}
Event: 0.490 GC heap after
{Heap after GC invocations=1 (full 0):
 garbage-first heap   total 129024K, used 6997K [0x0000000083600000, 0x0000000100000000)
  region size 1024K, 3 young (3072K), 3 survivors (3072K)
 Metaspace       used 13231K, committed 13248K, reserved 1114112K
  class space    used 1274K, committed 1280K, reserved 1048576K
}
Event: 0.921 GC heap before
{Heap before GC invocations=1 (full 0):
 garbage-first heap   total 129024K, used 38741K [0x0000000083600000, 0x0000000100000000)
  region size 1024K, 35 young (35840K), 3 survivors (3072K)
 Metaspace       used 21337K, committed 21504K, reserved 1114112K
  class space    used 2327K, committed 2432K, reserved 1048576K
}
Event: 0.927 GC heap after
{Heap after GC invocations=2 (full 0):
 garbage-first heap   total 129024K, used 10638K [0x0000000083600000, 0x0000000100000000)
  region size 1024K, 4 young (4096K), 4 survivors (4096K)
 Metaspace       used 21337K, committed 21504K, reserved 1114112K
  class space    used 2327K, committed 2432K, reserved 1048576K
}
Event: 1.245 GC heap before
{Heap before GC invocations=3 (full 0):
 garbage-first heap   total 40960K, used 31118K [0x0000000083600000, 0x0000000100000000)
  region size 1024K, 25 young (25600K), 4 survivors (4096K)
 Metaspace       used 28356K, committed 28544K, reserved 1114112K
  class space    used 3521K, committed 3584K, reserved 1048576K
}
Event: 1.252 GC heap after
{Heap after GC invocations=4 (full 0):
 garbage-first heap   total 40960K, used 11583K [0x0000000083600000, 0x0000000100000000)
  region size 1024K, 2 young (2048K), 2 survivors (2048K)
 Metaspace       used 28356K, committed 28544K, reserved 1114112K
  class space    used 3521K, committed 3584K, reserved 1048576K
}
Event: 1.269 GC heap before
{Heap before GC invocations=4 (full 0):
 garbage-first heap   total 40960K, used 11583K [0x0000000083600000, 0x0000000100000000)
  region size 1024K, 3 young (3072K), 2 survivors (2048K)
 Metaspace       used 28702K, committed 28928K, reserved 1114112K
  class space    used 3553K, committed 3648K, reserved 1048576K
}
Event: 1.272 GC heap after
{Heap after GC invocations=5 (full 0):
 garbage-first heap   total 40960K, used 11841K [0x0000000083600000, 0x0000000100000000)
  region size 1024K, 1 young (1024K), 1 survivors (1024K)
 Metaspace       used 28702K, committed 28928K, reserved 1114112K
  class space    used 3553K, committed 3648K, reserved 1048576K
}
Event: 1.474 GC heap before
{Heap before GC invocations=5 (full 0):
 garbage-first heap   total 40960K, used 32321K [0x0000000083600000, 0x0000000100000000)
  region size 1024K, 19 young (19456K), 1 survivors (1024K)
 Metaspace       used 30825K, committed 30976K, reserved 1114112K
  class space    used 3987K, committed 4032K, reserved 1048576K
}
Event: 1.482 GC heap after
{Heap after GC invocations=6 (full 0):
 garbage-first heap   total 40960K, used 17794K [0x0000000083600000, 0x0000000100000000)
  region size 1024K, 3 young (3072K), 3 survivors (3072K)
 Metaspace       used 30825K, committed 30976K, reserved 1114112K
  class space    used 3987K, committed 4032K, reserved 1048576K
}
Event: 1.665 GC heap before
{Heap before GC invocations=6 (full 0):
 garbage-first heap   total 40960K, used 31106K [0x0000000083600000, 0x0000000100000000)
  region size 1024K, 16 young (16384K), 3 survivors (3072K)
 Metaspace       used 34142K, committed 34368K, reserved 1114112K
  class space    used 4354K, committed 4480K, reserved 1048576K
}
Event: 1.671 GC heap after
{Heap after GC invocations=7 (full 0):
 garbage-first heap   total 69632K, used 17413K [0x0000000083600000, 0x0000000100000000)
  region size 1024K, 2 young (2048K), 2 survivors (2048K)
 Metaspace       used 34142K, committed 34368K, reserved 1114112K
  class space    used 4354K, committed 4480K, reserved 1048576K
}
Event: 1.782 GC heap before
{Heap before GC invocations=7 (full 0):
 garbage-first heap   total 69632K, used 25605K [0x0000000083600000, 0x0000000100000000)
  region size 1024K, 11 young (11264K), 2 survivors (2048K)
 Metaspace       used 35864K, committed 36096K, reserved 1114112K
  class space    used 4538K, committed 4672K, reserved 1048576K
}
Event: 1.785 GC heap after
{Heap after GC invocations=8 (full 0):
 garbage-first heap   total 69632K, used 18402K [0x0000000083600000, 0x0000000100000000)
  region size 1024K, 3 young (3072K), 3 survivors (3072K)
 Metaspace       used 35864K, committed 36096K, reserved 1114112K
  class space    used 4538K, committed 4672K, reserved 1048576K
}
Event: 2.194 GC heap before
{Heap before GC invocations=9 (full 0):
 garbage-first heap   total 68608K, used 50146K [0x0000000083600000, 0x0000000100000000)
  region size 1024K, 34 young (34816K), 3 survivors (3072K)
 Metaspace       used 42905K, committed 43136K, reserved 1114112K
  class space    used 5257K, committed 5376K, reserved 1048576K
}
Event: 2.203 GC heap after
{Heap after GC invocations=10 (full 0):
 garbage-first heap   total 68608K, used 20669K [0x0000000083600000, 0x0000000100000000)
  region size 1024K, 5 young (5120K), 5 survivors (5120K)
 Metaspace       used 42905K, committed 43136K, reserved 1114112K
  class space    used 5257K, committed 5376K, reserved 1048576K
}

